app/build/intermediates/manifest_merge_blame_file/debug/manifest-merger-blame-debug-report.txt
1<?xml version="1.0" encoding="utf-8"?>
2<manifest xmlns:android="http://schemas.android.com/apk/res/android"
3    package="com.dgc.wallet.dev"
4    android:versionCode="48"
5    android:versionName="0.21.3" >
6
7    <uses-sdk
8        android:minSdkVersion="26"
8-->src\main\AndroidManifest.xml
9        android:targetSdkVersion="30" />
9-->src\main\AndroidManifest.xml
10
11    <uses-permission android:name="android.permission.ACCESS_NETWORK_STATE" />
11-->src\main\AndroidManifest.xml:65:5-79
11-->src\main\AndroidManifest.xml:65:22-76
12    <uses-permission android:name="android.permission.VIBRATE" />
12-->src\main\AndroidManifest.xml:66:5-66
12-->src\main\AndroidManifest.xml:66:22-63
13    <uses-permission android:name="android.permission.USE_BIOMETRIC" />
13-->src\main\AndroidManifest.xml:67:5-72
13-->src\main\AndroidManifest.xml:67:22-69
14    <uses-permission android:name="android.permission.USE_FINGERPRINT" />
14-->src\main\AndroidManifest.xml:68:5-74
14-->src\main\AndroidManifest.xml:68:22-71
15    <uses-permission android:name="android.permission.RECEIVE_BOOT_COMPLETED" />
15-->src\main\AndroidManifest.xml:69:5-81
15-->src\main\AndroidManifest.xml:69:22-78
16    <uses-permission android:name="android.permission.INTERNET" />
16-->src\main\AndroidManifest.xml:71:5-67
16-->src\main\AndroidManifest.xml:71:22-64
17    <uses-permission android:name="android.permission.CAMERA" /> <!-- Don't require camera, as this requires a rear camera. This allows it to work on the Nexus 7 -->
17-->[com.journeyapps:zxing-android-embedded:4.1.0] AndroidManifest.xml:22:5-65
17-->[com.journeyapps:zxing-android-embedded:4.1.0] AndroidManifest.xml:22:22-62
18    <uses-feature
18-->[com.journeyapps:zxing-android-embedded:4.1.0] AndroidManifest.xml:25:5-27:36
19        android:name="android.hardware.camera"
19-->[com.journeyapps:zxing-android-embedded:4.1.0] AndroidManifest.xml:26:9-47
20        android:required="false" />
20-->[com.journeyapps:zxing-android-embedded:4.1.0] AndroidManifest.xml:27:9-33
21    <uses-feature
21-->[com.journeyapps:zxing-android-embedded:4.1.0] AndroidManifest.xml:28:5-30:36
22        android:name="android.hardware.camera.front"
22-->[com.journeyapps:zxing-android-embedded:4.1.0] AndroidManifest.xml:29:9-53
23        android:required="false" /> <!-- TODO replace above two with next line after Android 4.2 -->
23-->[com.journeyapps:zxing-android-embedded:4.1.0] AndroidManifest.xml:30:9-33
24    <!-- <uses-feature android:name="android.hardware.camera.any"/> -->
25    <uses-feature
25-->[com.journeyapps:zxing-android-embedded:4.1.0] AndroidManifest.xml:33:5-35:36
26        android:name="android.hardware.camera.autofocus"
26-->[com.journeyapps:zxing-android-embedded:4.1.0] AndroidManifest.xml:34:9-57
27        android:required="false" />
27-->[com.journeyapps:zxing-android-embedded:4.1.0] AndroidManifest.xml:35:9-33
28    <uses-feature
28-->[com.journeyapps:zxing-android-embedded:4.1.0] AndroidManifest.xml:36:5-38:36
29        android:name="android.hardware.camera.flash"
29-->[com.journeyapps:zxing-android-embedded:4.1.0] AndroidManifest.xml:37:9-53
30        android:required="false" />
30-->[com.journeyapps:zxing-android-embedded:4.1.0] AndroidManifest.xml:38:9-33
31    <uses-feature
31-->[com.journeyapps:zxing-android-embedded:4.1.0] AndroidManifest.xml:39:5-41:36
32        android:name="android.hardware.screen.landscape"
32-->[com.journeyapps:zxing-android-embedded:4.1.0] AndroidManifest.xml:40:9-57
33        android:required="false" />
33-->[com.journeyapps:zxing-android-embedded:4.1.0] AndroidManifest.xml:41:9-33
34    <uses-feature
34-->[com.journeyapps:zxing-android-embedded:4.1.0] AndroidManifest.xml:42:5-44:36
35        android:name="android.hardware.wifi"
35-->[com.journeyapps:zxing-android-embedded:4.1.0] AndroidManifest.xml:43:9-45
36        android:required="false" />
36-->[com.journeyapps:zxing-android-embedded:4.1.0] AndroidManifest.xml:44:9-33
37
38    <uses-permission android:name="android.permission.FOREGROUND_SERVICE" />
38-->[com.github.horizontalsystems:tor-kit-android:2f1bdeb] AndroidManifest.xml:11:5-77
38-->[com.github.horizontalsystems:tor-kit-android:2f1bdeb] AndroidManifest.xml:11:22-74
39    <uses-permission android:name="android.permission.WAKE_LOCK" /> <!-- To store the heap dumps and leak analysis results. -->
39-->[androidx.work:work-runtime:2.5.0] AndroidManifest.xml:25:5-68
39-->[androidx.work:work-runtime:2.5.0] AndroidManifest.xml:25:22-65
40    <uses-permission android:name="android.permission.READ_EXTERNAL_STORAGE" />
40-->[com.squareup.leakcanary:leakcanary-android-core:2.5] AndroidManifest.xml:23:5-80
40-->[com.squareup.leakcanary:leakcanary-android-core:2.5] AndroidManifest.xml:23:22-77
41    <uses-permission android:name="android.permission.WRITE_EXTERNAL_STORAGE" />
41-->[com.squareup.leakcanary:leakcanary-android-core:2.5] AndroidManifest.xml:24:5-81
41-->[com.squareup.leakcanary:leakcanary-android-core:2.5] AndroidManifest.xml:24:22-78
42
43    <application
43-->src\main\AndroidManifest.xml:6:5-63:19
44        android:name="io.horizontalsystems.bankwallet.core.App"
44-->src\main\AndroidManifest.xml:7:9-33
45        android:allowBackup="false"
45-->src\main\AndroidManifest.xml:8:9-36
46        android:appComponentFactory="androidx.core.app.CoreComponentFactory"
46-->[androidx.core:core:1.5.0-beta01] AndroidManifest.xml:24:18-86
47        android:debuggable="true"
48        android:extractNativeLibs="true"
48-->[com.github.horizontalsystems:tor-kit-android:2f1bdeb] AndroidManifest.xml:13:18-50
49        android:icon="@mipmap/ic_launcher_round"
49-->src\main\AndroidManifest.xml:9:9-49
50        android:label="@string/App_Name"
50-->src\main\AndroidManifest.xml:10:9-41
51        android:networkSecurityConfig="@xml/network_security_config"
51-->src\main\AndroidManifest.xml:11:9-69
52        android:roundIcon="@mipmap/ic_launcher_round"
52-->src\main\AndroidManifest.xml:12:9-54
53        android:supportsRtl="true"
53-->src\main\AndroidManifest.xml:13:9-35
54        android:testOnly="true"
55        android:theme="@style/Theme.AppTheme.DayNight" >
55-->src\main\AndroidManifest.xml:14:9-55
56        <activity
56-->src\main\AndroidManifest.xml:16:9-25:20
57            android:name="io.horizontalsystems.bankwallet.modules.authentication.AuthenticationActivity"
57-->src\main\AndroidManifest.xml:17:13-74
58            android:screenOrientation="portrait"
58-->src\main\AndroidManifest.xml:18:13-49
59            android:windowSoftInputMode="adjustResize|stateAlwaysHidden" >
59-->src\main\AndroidManifest.xml:19:13-73
60            <intent-filter>
60-->src\main\AndroidManifest.xml:20:13-24:29
61                <action android:name="android.intent.action.MAIN" />
61-->src\main\AndroidManifest.xml:21:17-69
61-->src\main\AndroidManifest.xml:21:25-66
62
63                <category android:name="android.intent.category.LAUNCHER" />
63-->src\main\AndroidManifest.xml:23:17-77
63-->src\main\AndroidManifest.xml:23:27-74
64            </intent-filter>
65        </activity>
66        <activity
66-->src\main\AndroidManifest.xml:26:9-28:47
67            android:name="io.horizontalsystems.bankwallet.modules.tor.TorConnectionActivity"
67-->src\main\AndroidManifest.xml:27:13-62
68            android:launchMode="singleTask" />
68-->src\main\AndroidManifest.xml:28:13-44
69        <activity
69-->src\main\AndroidManifest.xml:29:9-32:61
70            android:name="io.horizontalsystems.bankwallet.modules.launcher.LauncherActivity"
70-->src\main\AndroidManifest.xml:30:13-62
71            android:screenOrientation="portrait"
71-->src\main\AndroidManifest.xml:31:13-49
72            android:theme="@style/LauncherTheme" />
72-->src\main\AndroidManifest.xml:32:13-49
73        <activity
73-->src\main\AndroidManifest.xml:33:9-36:76
74            android:name="io.horizontalsystems.bankwallet.modules.main.MainActivity"
74-->src\main\AndroidManifest.xml:34:13-54
75            android:screenOrientation="portrait"
75-->src\main\AndroidManifest.xml:35:13-49
76            android:windowSoftInputMode="adjustResize|stateAlwaysHidden" />
76-->src\main\AndroidManifest.xml:36:13-73
77        <activity
77-->src\main\AndroidManifest.xml:37:9-40:71
78            android:name="io.horizontalsystems.bankwallet.modules.send.SendActivity"
78-->src\main\AndroidManifest.xml:38:13-54
79            android:screenOrientation="portrait"
79-->src\main\AndroidManifest.xml:39:13-49
80            android:windowSoftInputMode="stateVisible|adjustResize" />
80-->src\main\AndroidManifest.xml:40:13-68
81        <activity
81-->src\main\AndroidManifest.xml:41:9-43:52
82            android:name="io.horizontalsystems.bankwallet.modules.qrscanner.QRScannerActivity"
82-->src\main\AndroidManifest.xml:42:13-64
83            android:screenOrientation="portrait" />
83-->src\main\AndroidManifest.xml:43:13-49
84        <activity
84-->src\main\AndroidManifest.xml:44:9-46:52
85            android:name="io.horizontalsystems.bankwallet.modules.lockscreen.LockScreenActivity"
85-->src\main\AndroidManifest.xml:45:13-66
86            android:screenOrientation="portrait" />
86-->src\main\AndroidManifest.xml:46:13-49
87        <activity
87-->src\main\AndroidManifest.xml:47:9-50:54
88            android:name="io.horizontalsystems.bankwallet.modules.intro.IntroActivity"
88-->src\main\AndroidManifest.xml:48:13-56
89            android:screenOrientation="portrait"
89-->src\main\AndroidManifest.xml:49:13-49
90            android:theme="@style/OnboardingTheme" />
90-->src\main\AndroidManifest.xml:50:13-51
91        <activity
91-->src\main\AndroidManifest.xml:51:9-53:52
92            android:name="io.horizontalsystems.bankwallet.modules.keystore.KeyStoreActivity"
92-->src\main\AndroidManifest.xml:52:13-62
93            android:screenOrientation="portrait" />
93-->src\main\AndroidManifest.xml:53:13-49
94        <activity
94-->src\main\AndroidManifest.xml:54:9-56:52
95            android:name="io.horizontalsystems.bankwallet.modules.rooteddevice.RootedDeviceActivity"
95-->src\main\AndroidManifest.xml:55:13-70
96            android:screenOrientation="portrait" />
96-->src\main\AndroidManifest.xml:56:13-49
97
98        <receiver android:name="io.horizontalsystems.bankwallet.core.receiver.BootCompletionReceiver" >
98-->src\main\AndroidManifest.xml:58:9-62:20
98-->src\main\AndroidManifest.xml:58:19-71
99            <intent-filter>
99-->src\main\AndroidManifest.xml:59:13-61:29
100                <action android:name="android.intent.action.BOOT_COMPLETED" />
100-->src\main\AndroidManifest.xml:60:17-79
100-->src\main\AndroidManifest.xml:60:25-76
101            </intent-filter>
102        </receiver>
103
104        <activity
104-->[com.journeyapps:zxing-android-embedded:4.1.0] AndroidManifest.xml:47:9-53:63
105            android:name="com.journeyapps.barcodescanner.CaptureActivity"
105-->[com.journeyapps:zxing-android-embedded:4.1.0] AndroidManifest.xml:48:13-74
106            android:clearTaskOnLaunch="true"
106-->[com.journeyapps:zxing-android-embedded:4.1.0] AndroidManifest.xml:49:13-45
107            android:screenOrientation="sensorLandscape"
107-->[com.journeyapps:zxing-android-embedded:4.1.0] AndroidManifest.xml:50:13-56
108            android:stateNotNeeded="true"
108-->[com.journeyapps:zxing-android-embedded:4.1.0] AndroidManifest.xml:51:13-42
109            android:theme="@style/zxing_CaptureTheme"
109-->[com.journeyapps:zxing-android-embedded:4.1.0] AndroidManifest.xml:52:13-54
110            android:windowSoftInputMode="stateAlwaysHidden" />
110-->[com.journeyapps:zxing-android-embedded:4.1.0] AndroidManifest.xml:53:13-60
111
112        <service
112-->[com.squareup.leakcanary:leakcanary-android:2.5] AndroidManifest.xml:23:9-25:40
113            android:name="leakcanary.internal.HeapAnalyzerService"
113-->[com.squareup.leakcanary:leakcanary-android:2.5] AndroidManifest.xml:24:13-67
114            android:exported="false" />
114-->[com.squareup.leakcanary:leakcanary-android:2.5] AndroidManifest.xml:25:13-37
115
116        <activity
116-->[pub.devrel:easypermissions:3.0.0] AndroidManifest.xml:12:9-16:66
117            android:name="pub.devrel.easypermissions.AppSettingsDialogHolderActivity"
117-->[pub.devrel:easypermissions:3.0.0] AndroidManifest.xml:13:13-86
118            android:exported="false"
118-->[pub.devrel:easypermissions:3.0.0] AndroidManifest.xml:14:13-37
119            android:label=""
119-->[pub.devrel:easypermissions:3.0.0] AndroidManifest.xml:15:13-29
120            android:theme="@style/EasyPermissions.Transparent" />
120-->[pub.devrel:easypermissions:3.0.0] AndroidManifest.xml:16:13-63
121
122        <service
122-->[com.github.horizontalsystems:tor-kit-android:2f1bdeb] AndroidManifest.xml:14:9-17:44
123            android:name="io.horizontalsystems.tor.TorService"
123-->[com.github.horizontalsystems:tor-kit-android:2f1bdeb] AndroidManifest.xml:15:13-63
124            android:exported="false"
124-->[com.github.horizontalsystems:tor-kit-android:2f1bdeb] AndroidManifest.xml:16:13-37
125            android:stopWithTask="false" />
125-->[com.github.horizontalsystems:tor-kit-android:2f1bdeb] AndroidManifest.xml:17:13-41
126
127        <provider
127-->[androidx.work:work-runtime:2.5.0] AndroidManifest.xml:31:9-37:35
128            android:name="androidx.work.impl.WorkManagerInitializer"
128-->[androidx.work:work-runtime:2.5.0] AndroidManifest.xml:32:13-69
129            android:authorities="com.dgc.wallet.dev.workmanager-init"
129-->[androidx.work:work-runtime:2.5.0] AndroidManifest.xml:33:13-68
130            android:directBootAware="false"
130-->[androidx.work:work-runtime:2.5.0] AndroidManifest.xml:34:13-44
131            android:exported="false"
131-->[androidx.work:work-runtime:2.5.0] AndroidManifest.xml:35:13-37
132            android:multiprocess="true" />
132-->[androidx.work:work-runtime:2.5.0] AndroidManifest.xml:36:13-40
133
134        <service
134-->[androidx.work:work-runtime:2.5.0] AndroidManifest.xml:39:9-44:35
135            android:name="androidx.work.impl.background.systemalarm.SystemAlarmService"
135-->[androidx.work:work-runtime:2.5.0] AndroidManifest.xml:40:13-88
136            android:directBootAware="false"
136-->[androidx.work:work-runtime:2.5.0] AndroidManifest.xml:41:13-44
137            android:enabled="@bool/enable_system_alarm_service_default"
137-->[androidx.work:work-runtime:2.5.0] AndroidManifest.xml:42:13-72
138            android:exported="false" />
138-->[androidx.work:work-runtime:2.5.0] AndroidManifest.xml:43:13-37
139        <service
139-->[androidx.work:work-runtime:2.5.0] AndroidManifest.xml:45:9-51:35
140            android:name="androidx.work.impl.background.systemjob.SystemJobService"
140-->[androidx.work:work-runtime:2.5.0] AndroidManifest.xml:46:13-84
141            android:directBootAware="false"
141-->[androidx.work:work-runtime:2.5.0] AndroidManifest.xml:47:13-44
142            android:enabled="@bool/enable_system_job_service_default"
142-->[androidx.work:work-runtime:2.5.0] AndroidManifest.xml:48:13-70
143            android:exported="true"
143-->[androidx.work:work-runtime:2.5.0] AndroidManifest.xml:49:13-36
144            android:permission="android.permission.BIND_JOB_SERVICE" />
144-->[androidx.work:work-runtime:2.5.0] AndroidManifest.xml:50:13-69
145        <service
145-->[androidx.work:work-runtime:2.5.0] AndroidManifest.xml:52:9-57:35
146            android:name="androidx.work.impl.foreground.SystemForegroundService"
146-->[androidx.work:work-runtime:2.5.0] AndroidManifest.xml:53:13-81
147            android:directBootAware="false"
147-->[androidx.work:work-runtime:2.5.0] AndroidManifest.xml:54:13-44
148            android:enabled="@bool/enable_system_foreground_service_default"
148-->[androidx.work:work-runtime:2.5.0] AndroidManifest.xml:55:13-77
149            android:exported="false" />
149-->[androidx.work:work-runtime:2.5.0] AndroidManifest.xml:56:13-37
150
151        <receiver
151-->[androidx.work:work-runtime:2.5.0] AndroidManifest.xml:59:9-64:35
152            android:name="androidx.work.impl.utils.ForceStopRunnable$BroadcastReceiver"
152-->[androidx.work:work-runtime:2.5.0] AndroidManifest.xml:60:13-88
153            android:directBootAware="false"
153-->[androidx.work:work-runtime:2.5.0] AndroidManifest.xml:61:13-44
154            android:enabled="true"
154-->[androidx.work:work-runtime:2.5.0] AndroidManifest.xml:62:13-35
155            android:exported="false" />
155-->[androidx.work:work-runtime:2.5.0] AndroidManifest.xml:63:13-37
156        <receiver
156-->[androidx.work:work-runtime:2.5.0] AndroidManifest.xml:65:9-75:20
157            android:name="androidx.work.impl.background.systemalarm.ConstraintProxy$BatteryChargingProxy"
157-->[androidx.work:work-runtime:2.5.0] AndroidManifest.xml:66:13-106
158            android:directBootAware="false"
158-->[androidx.work:work-runtime:2.5.0] AndroidManifest.xml:67:13-44
159            android:enabled="false"
159-->[androidx.work:work-runtime:2.5.0] AndroidManifest.xml:68:13-36
160            android:exported="false" >
160-->[androidx.work:work-runtime:2.5.0] AndroidManifest.xml:69:13-37
161            <intent-filter>
161-->[androidx.work:work-runtime:2.5.0] AndroidManifest.xml:71:13-74:29
162                <action android:name="android.intent.action.ACTION_POWER_CONNECTED" />
162-->[androidx.work:work-runtime:2.5.0] AndroidManifest.xml:72:17-87
162-->[androidx.work:work-runtime:2.5.0] AndroidManifest.xml:72:25-84
163                <action android:name="android.intent.action.ACTION_POWER_DISCONNECTED" />
163-->[androidx.work:work-runtime:2.5.0] AndroidManifest.xml:73:17-90
163-->[androidx.work:work-runtime:2.5.0] AndroidManifest.xml:73:25-87
164            </intent-filter>
165        </receiver>
166        <receiver
166-->[androidx.work:work-runtime:2.5.0] AndroidManifest.xml:76:9-86:20
167            android:name="androidx.work.impl.background.systemalarm.ConstraintProxy$BatteryNotLowProxy"
167-->[androidx.work:work-runtime:2.5.0] AndroidManifest.xml:77:13-104
168            android:directBootAware="false"
168-->[androidx.work:work-runtime:2.5.0] AndroidManifest.xml:78:13-44
169            android:enabled="false"
169-->[androidx.work:work-runtime:2.5.0] AndroidManifest.xml:79:13-36
170            android:exported="false" >
170-->[androidx.work:work-runtime:2.5.0] AndroidManifest.xml:80:13-37
171            <intent-filter>
171-->[androidx.work:work-runtime:2.5.0] AndroidManifest.xml:82:13-85:29
172                <action android:name="android.intent.action.BATTERY_OKAY" />
172-->[androidx.work:work-runtime:2.5.0] AndroidManifest.xml:83:17-77
172-->[androidx.work:work-runtime:2.5.0] AndroidManifest.xml:83:25-74
173                <action android:name="android.intent.action.BATTERY_LOW" />
173-->[androidx.work:work-runtime:2.5.0] AndroidManifest.xml:84:17-76
173-->[androidx.work:work-runtime:2.5.0] AndroidManifest.xml:84:25-73
174            </intent-filter>
175        </receiver>
176        <receiver
176-->[androidx.work:work-runtime:2.5.0] AndroidManifest.xml:87:9-97:20
177            android:name="androidx.work.impl.background.systemalarm.ConstraintProxy$StorageNotLowProxy"
177-->[androidx.work:work-runtime:2.5.0] AndroidManifest.xml:88:13-104
178            android:directBootAware="false"
178-->[androidx.work:work-runtime:2.5.0] AndroidManifest.xml:89:13-44
179            android:enabled="false"
179-->[androidx.work:work-runtime:2.5.0] AndroidManifest.xml:90:13-36
180            android:exported="false" >
180-->[androidx.work:work-runtime:2.5.0] AndroidManifest.xml:91:13-37
181            <intent-filter>
181-->[androidx.work:work-runtime:2.5.0] AndroidManifest.xml:93:13-96:29
182                <action android:name="android.intent.action.DEVICE_STORAGE_LOW" />
182-->[androidx.work:work-runtime:2.5.0] AndroidManifest.xml:94:17-83
182-->[androidx.work:work-runtime:2.5.0] AndroidManifest.xml:94:25-80
183                <action android:name="android.intent.action.DEVICE_STORAGE_OK" />
183-->[androidx.work:work-runtime:2.5.0] AndroidManifest.xml:95:17-82
183-->[androidx.work:work-runtime:2.5.0] AndroidManifest.xml:95:25-79
184            </intent-filter>
185        </receiver>
186        <receiver
186-->[androidx.work:work-runtime:2.5.0] AndroidManifest.xml:98:9-107:20
187            android:name="androidx.work.impl.background.systemalarm.ConstraintProxy$NetworkStateProxy"
187-->[androidx.work:work-runtime:2.5.0] AndroidManifest.xml:99:13-103
188            android:directBootAware="false"
188-->[androidx.work:work-runtime:2.5.0] AndroidManifest.xml:100:13-44
189            android:enabled="false"
189-->[androidx.work:work-runtime:2.5.0] AndroidManifest.xml:101:13-36
190            android:exported="false" >
190-->[androidx.work:work-runtime:2.5.0] AndroidManifest.xml:102:13-37
191            <intent-filter>
191-->[androidx.work:work-runtime:2.5.0] AndroidManifest.xml:104:13-106:29
192                <action android:name="android.net.conn.CONNECTIVITY_CHANGE" />
192-->[androidx.work:work-runtime:2.5.0] AndroidManifest.xml:105:17-79
192-->[androidx.work:work-runtime:2.5.0] AndroidManifest.xml:105:25-76
193            </intent-filter>
194        </receiver>
195        <receiver
195-->[androidx.work:work-runtime:2.5.0] AndroidManifest.xml:108:9-119:20
196            android:name="androidx.work.impl.background.systemalarm.RescheduleReceiver"
196-->[androidx.work:work-runtime:2.5.0] AndroidManifest.xml:109:13-88
197            android:directBootAware="false"
197-->[androidx.work:work-runtime:2.5.0] AndroidManifest.xml:110:13-44
198            android:enabled="false"
198-->[androidx.work:work-runtime:2.5.0] AndroidManifest.xml:111:13-36
199            android:exported="false" >
199-->[androidx.work:work-runtime:2.5.0] AndroidManifest.xml:112:13-37
200            <intent-filter>
200-->[androidx.work:work-runtime:2.5.0] AndroidManifest.xml:114:13-118:29
201                <action android:name="android.intent.action.BOOT_COMPLETED" />
201-->src\main\AndroidManifest.xml:60:17-79
201-->src\main\AndroidManifest.xml:60:25-76
202                <action android:name="android.intent.action.TIME_SET" />
202-->[androidx.work:work-runtime:2.5.0] AndroidManifest.xml:116:17-73
202-->[androidx.work:work-runtime:2.5.0] AndroidManifest.xml:116:25-70
203                <action android:name="android.intent.action.TIMEZONE_CHANGED" />
203-->[androidx.work:work-runtime:2.5.0] AndroidManifest.xml:117:17-81
203-->[androidx.work:work-runtime:2.5.0] AndroidManifest.xml:117:25-78
204            </intent-filter>
205        </receiver>
206        <receiver
206-->[androidx.work:work-runtime:2.5.0] AndroidManifest.xml:120:9-129:20
207            android:name="androidx.work.impl.background.systemalarm.ConstraintProxyUpdateReceiver"
207-->[androidx.work:work-runtime:2.5.0] AndroidManifest.xml:121:13-99
208            android:directBootAware="false"
208-->[androidx.work:work-runtime:2.5.0] AndroidManifest.xml:122:13-44
209            android:enabled="@bool/enable_system_alarm_service_default"
209-->[androidx.work:work-runtime:2.5.0] AndroidManifest.xml:123:13-72
210            android:exported="false" >
210-->[androidx.work:work-runtime:2.5.0] AndroidManifest.xml:124:13-37
211            <intent-filter>
211-->[androidx.work:work-runtime:2.5.0] AndroidManifest.xml:126:13-128:29
212                <action android:name="androidx.work.impl.background.systemalarm.UpdateProxies" />
212-->[androidx.work:work-runtime:2.5.0] AndroidManifest.xml:127:17-98
212-->[androidx.work:work-runtime:2.5.0] AndroidManifest.xml:127:25-95
213            </intent-filter>
214        </receiver>
215        <receiver
215-->[androidx.work:work-runtime:2.5.0] AndroidManifest.xml:130:9-140:20
216            android:name="androidx.work.impl.diagnostics.DiagnosticsReceiver"
216-->[androidx.work:work-runtime:2.5.0] AndroidManifest.xml:131:13-78
217            android:directBootAware="false"
217-->[androidx.work:work-runtime:2.5.0] AndroidManifest.xml:132:13-44
218            android:enabled="true"
218-->[androidx.work:work-runtime:2.5.0] AndroidManifest.xml:133:13-35
219            android:exported="true"
219-->[androidx.work:work-runtime:2.5.0] AndroidManifest.xml:134:13-36
220            android:permission="android.permission.DUMP" >
220-->[androidx.work:work-runtime:2.5.0] AndroidManifest.xml:135:13-57
221            <intent-filter>
221-->[androidx.work:work-runtime:2.5.0] AndroidManifest.xml:137:13-139:29
222                <action android:name="androidx.work.diagnostics.REQUEST_DIAGNOSTICS" />
222-->[androidx.work:work-runtime:2.5.0] AndroidManifest.xml:138:17-88
222-->[androidx.work:work-runtime:2.5.0] AndroidManifest.xml:138:25-85
223            </intent-filter>
224        </receiver>
225
226        <provider
226-->[androidx.lifecycle:lifecycle-process:2.2.0] AndroidManifest.xml:25:9-29:43
227            android:name="androidx.lifecycle.ProcessLifecycleOwnerInitializer"
227-->[androidx.lifecycle:lifecycle-process:2.2.0] AndroidManifest.xml:26:13-79
228            android:authorities="com.dgc.wallet.dev.lifecycle-process"
228-->[androidx.lifecycle:lifecycle-process:2.2.0] AndroidManifest.xml:27:13-69
229            android:exported="false"
229-->[androidx.lifecycle:lifecycle-process:2.2.0] AndroidManifest.xml:28:13-37
230            android:multiprocess="true" />
230-->[androidx.lifecycle:lifecycle-process:2.2.0] AndroidManifest.xml:29:13-40
231        <provider
231-->[com.squareup.picasso:picasso:2.71828] AndroidManifest.xml:8:9-11:40
232            android:name="com.squareup.picasso.PicassoProvider"
232-->[com.squareup.picasso:picasso:2.71828] AndroidManifest.xml:9:13-64
233            android:authorities="com.dgc.wallet.dev.com.squareup.picasso"
233-->[com.squareup.picasso:picasso:2.71828] AndroidManifest.xml:10:13-72
234            android:exported="false" />
234-->[com.squareup.picasso:picasso:2.71828] AndroidManifest.xml:11:13-37
235        <provider
235-->[com.squareup.leakcanary:leakcanary-android-core:2.5] AndroidManifest.xml:29:9-37:20
236            android:name="leakcanary.internal.LeakCanaryFileProvider"
236-->[com.squareup.leakcanary:leakcanary-android-core:2.5] AndroidManifest.xml:30:13-70
237            android:authorities="com.squareup.leakcanary.fileprovider.com.dgc.wallet.dev"
237-->[com.squareup.leakcanary:leakcanary-android-core:2.5] AndroidManifest.xml:31:13-88
238            android:exported="false"
238-->[com.squareup.leakcanary:leakcanary-android-core:2.5] AndroidManifest.xml:32:13-37
239            android:grantUriPermissions="true" >
239-->[com.squareup.leakcanary:leakcanary-android-core:2.5] AndroidManifest.xml:33:13-47
240            <meta-data
240-->[com.squareup.leakcanary:leakcanary-android-core:2.5] AndroidManifest.xml:34:13-36:66
241                android:name="android.support.FILE_PROVIDER_PATHS"
241-->[com.squareup.leakcanary:leakcanary-android-core:2.5] AndroidManifest.xml:35:17-67
242                android:resource="@xml/leak_canary_file_paths" />
242-->[com.squareup.leakcanary:leakcanary-android-core:2.5] AndroidManifest.xml:36:17-63
243        </provider>
244
245        <activity
245-->[com.squareup.leakcanary:leakcanary-android-core:2.5] AndroidManifest.xml:39:9-44:66
246            android:name="leakcanary.internal.activity.LeakActivity"
246-->[com.squareup.leakcanary:leakcanary-android-core:2.5] AndroidManifest.xml:40:13-69
247            android:icon="@mipmap/leak_canary_icon"
247-->[com.squareup.leakcanary:leakcanary-android-core:2.5] AndroidManifest.xml:41:13-52
248            android:label="@string/leak_canary_display_activity_label"
248-->[com.squareup.leakcanary:leakcanary-android-core:2.5] AndroidManifest.xml:42:13-71
249            android:taskAffinity="com.squareup.leakcanary.com.dgc.wallet.dev"
249-->[com.squareup.leakcanary:leakcanary-android-core:2.5] AndroidManifest.xml:43:13-76
250            android:theme="@style/leak_canary_LeakCanary.Base" />
250-->[com.squareup.leakcanary:leakcanary-android-core:2.5] AndroidManifest.xml:44:13-63
251
252        <activity-alias
252-->[com.squareup.leakcanary:leakcanary-android-core:2.5] AndroidManifest.xml:46:9-62:26
253            android:name="leakcanary.internal.activity.LeakLauncherActivity"
253-->[com.squareup.leakcanary:leakcanary-android-core:2.5] AndroidManifest.xml:47:13-77
254            android:banner="@drawable/leak_canary_tv_icon"
254-->[com.squareup.leakcanary:leakcanary-android-core:2.5] AndroidManifest.xml:48:13-59
255            android:enabled="@bool/leak_canary_add_launcher_icon"
255-->[com.squareup.leakcanary:leakcanary-android-core:2.5] AndroidManifest.xml:49:13-66
256            android:icon="@mipmap/leak_canary_icon"
256-->[com.squareup.leakcanary:leakcanary-android-core:2.5] AndroidManifest.xml:50:13-52
257            android:label="@string/leak_canary_display_activity_label"
257-->[com.squareup.leakcanary:leakcanary-android-core:2.5] AndroidManifest.xml:51:13-71
258            android:targetActivity="leakcanary.internal.activity.LeakActivity"
258-->[com.squareup.leakcanary:leakcanary-android-core:2.5] AndroidManifest.xml:52:13-79
259            android:taskAffinity="com.squareup.leakcanary.com.dgc.wallet.dev"
259-->[com.squareup.leakcanary:leakcanary-android-core:2.5] AndroidManifest.xml:53:13-76
260            android:theme="@style/leak_canary_LeakCanary.Base" >
260-->[com.squareup.leakcanary:leakcanary-android-core:2.5] AndroidManifest.xml:54:13-63
261            <intent-filter>
261-->[com.squareup.leakcanary:leakcanary-android-core:2.5] AndroidManifest.xml:55:13-61:29
262                <action android:name="android.intent.action.MAIN" />
262-->src\main\AndroidManifest.xml:21:17-69
262-->src\main\AndroidManifest.xml:21:25-66
263
264                <category android:name="android.intent.category.LAUNCHER" />
264-->src\main\AndroidManifest.xml:23:17-77
264-->src\main\AndroidManifest.xml:23:27-74
265                <!-- Android TV launcher intent -->
266                <category android:name="android.intent.category.LEANBACK_LAUNCHER" />